#
# There is insufficient memory for the Java Runtime Environment to continue.
# Native memory allocation (malloc) failed to allocate 90416 bytes for Chunk::new
# Possible reasons:
#   The system is out of physical RAM or swap space
#   The process is running with CompressedOops enabled, and the Java Heap may be blocking the growth of the native heap
# Possible solutions:
#   Reduce memory load on the system
#   Increase physical memory or swap space
#   Check if swap backing store is full
#   Decrease Java heap size (-Xmx/-Xms)
#   Decrease number of Java threads
#   Decrease Java thread stack sizes (-Xss)
#   Set larger code cache with -XX:ReservedCodeCacheSize=
#   JVM is running with Unscaled Compressed Oops mode in which the Java heap is
#     placed in the first 4GB address space. The Java Heap base address is the
#     maximum limit for the native heap growth. Please use -XX:HeapBaseMinAddress
#     to set the Java Heap base and to place the Java Heap above 4GB virtual address.
# This output file may be truncated or incomplete.
#
#  Out of Memory Error (arena.cpp:197), pid=3320, tid=14520
#
# JRE version: OpenJDK Runtime Environment Microsoft-8035250 (11.0.20+8) (build 11.0.20+8-LTS)
# Java VM: OpenJDK 64-Bit Server VM Microsoft-8035250 (11.0.20+8-LTS, mixed mode, tiered, compressed oops, g1 gc, windows-amd64)
# No core dump will be written. Minidumps are not enabled by default on client versions of Windows
#

---------------  S U M M A R Y ------------

Command Line: -Xmx64m -Xms64m -Dorg.gradle.appname=gradlew org.gradle.wrapper.GradleWrapperMain tasks

Host: Intel(R) Core(TM) i9-9900K CPU @ 3.60GHz, 16 cores, 31G,  Windows 11 , 64 bit Build 22621 (10.0.22621.2428)
Time: Mon Oct 30 15:48:32 2023 Central Daylight Time elapsed time: 6.269072 seconds (0d 0h 0m 6s)

---------------  T H R E A D  ---------------

Current thread (0x0000021930a70800):  JavaThread "C2 CompilerThread0" daemon [_thread_in_native, id=14520, stack(0x000000b20ef00000,0x000000b20f000000)]


Current CompileTask:
C2:   6269 1447 % !   4       java.io.BufferedReader::readLine @ 131 (304 bytes)

Stack: [0x000000b20ef00000,0x000000b20f000000]
Native frames: (J=compiled Java code, j=interpreted, Vv=VM code, C=native code)
V  [jvm.dll+0x62e9da]
V  [jvm.dll+0x7bc4e9]
V  [jvm.dll+0x7bdbd8]
V  [jvm.dll+0x7be2b3]
V  [jvm.dll+0x2505a8]
V  [jvm.dll+0xc263c]
V  [jvm.dll+0xc2bfc]
V  [jvm.dll+0x35fd82]
V  [jvm.dll+0x19ecae]
V  [jvm.dll+0x2098c5]
V  [jvm.dll+0x20893d]
V  [jvm.dll+0x18a7de]
V  [jvm.dll+0x2181ec]
V  [jvm.dll+0x21642b]
V  [jvm.dll+0x77efc0]
V  [jvm.dll+0x777db4]
V  [jvm.dll+0x62d845]
C  [ucrtbase.dll+0x29363]
C  [KERNEL32.DLL+0x1257d]
C  [ntdll.dll+0x5aa78]


---------------  P R O C E S S  ---------------

Threads class SMR info:
_java_thread_list=0x000002193213fcf0, length=15, elements={
0x00000219158c2000, 0x0000021930a5d800, 0x0000021930a69000, 0x0000021930a5b000,
0x0000021930a5b800, 0x0000021930a6d800, 0x0000021930a70800, 0x0000021930a81000,
0x0000021930a82000, 0x000002191598e000, 0x0000021931541800, 0x00000219317f3000,
0x000002193153f000, 0x0000021932522800, 0x000002193246d800
}

Java Threads: ( => current thread )
  0x00000219158c2000 JavaThread "main" [_thread_blocked, id=16156, stack(0x000000b20e300000,0x000000b20e400000)]
  0x0000021930a5d800 JavaThread "Reference Handler" daemon [_thread_blocked, id=26476, stack(0x000000b20ea00000,0x000000b20eb00000)]
  0x0000021930a69000 JavaThread "Finalizer" daemon [_thread_blocked, id=26680, stack(0x000000b20eb00000,0x000000b20ec00000)]
  0x0000021930a5b000 JavaThread "Signal Dispatcher" daemon [_thread_blocked, id=21392, stack(0x000000b20ec00000,0x000000b20ed00000)]
  0x0000021930a5b800 JavaThread "Attach Listener" daemon [_thread_blocked, id=16016, stack(0x000000b20ed00000,0x000000b20ee00000)]
  0x0000021930a6d800 JavaThread "Service Thread" daemon [_thread_blocked, id=29664, stack(0x000000b20ee00000,0x000000b20ef00000)]
=>0x0000021930a70800 JavaThread "C2 CompilerThread0" daemon [_thread_in_native, id=14520, stack(0x000000b20ef00000,0x000000b20f000000)]
  0x0000021930a81000 JavaThread "C1 CompilerThread0" daemon [_thread_blocked, id=7588, stack(0x000000b20f000000,0x000000b20f100000)]
  0x0000021930a82000 JavaThread "Sweeper thread" daemon [_thread_blocked, id=29856, stack(0x000000b20f100000,0x000000b20f200000)]
  0x000002191598e000 JavaThread "C1 CompilerThread1" daemon [_thread_blocked, id=24496, stack(0x000000b20f200000,0x000000b20f300000)]
  0x0000021931541800 JavaThread "Common-Cleaner" daemon [_thread_blocked, id=15308, stack(0x000000b20f400000,0x000000b20f500000)]
  0x00000219317f3000 JavaThread "C1 CompilerThread2" daemon [_thread_blocked, id=29424, stack(0x000000b20f600000,0x000000b20f700000)]
  0x000002193153f000 JavaThread "C1 CompilerThread3" daemon [_thread_blocked, id=7568, stack(0x000000b20f700000,0x000000b20f800000)]
  0x0000021932522800 JavaThread "C2 CompilerThread1" daemon [_thread_blocked, id=26760, stack(0x000000b20f900000,0x000000b20fa00000)]
  0x000002193246d800 JavaThread "C2 CompilerThread2" daemon [_thread_in_native, id=12068, stack(0x000000b20fa00000,0x000000b20fb00000)]

Other Threads:
  0x0000021930a28000 VMThread "VM Thread" [stack: 0x000000b20e900000,0x000000b20ea00000] [id=30024]
  0x0000021931535800 WatcherThread [stack: 0x000000b20f300000,0x000000b20f400000] [id=30356]
  0x00000219158db000 GCTaskThread "GC Thread#0" [stack: 0x000000b20e400000,0x000000b20e500000] [id=6060]
  0x0000021931e05800 GCTaskThread "GC Thread#1" [stack: 0x000000b20f800000,0x000000b20f900000] [id=27460]
  0x00000219158e5800 ConcurrentGCThread "G1 Main Marker" [stack: 0x000000b20e500000,0x000000b20e600000] [id=13836]
  0x00000219158e7000 ConcurrentGCThread "G1 Conc#0" [stack: 0x000000b20e600000,0x000000b20e700000] [id=22608]
  0x0000021915965800 ConcurrentGCThread "G1 Refine#0" [stack: 0x000000b20e700000,0x000000b20e800000] [id=15600]
  0x0000021915966800 ConcurrentGCThread "G1 Young RemSet Sampling" [stack: 0x000000b20e800000,0x000000b20e900000] [id=29504]

Threads with active compile tasks:
C2 CompilerThread0     6282 1447 % !   4       java.io.BufferedReader::readLine @ 131 (304 bytes)
C2 CompilerThread2     6282 1494       4       org.gradle.internal.logging.text.AbstractLineChoppingStyledTextOutput$2::execute (77 bytes)

VM state:not at safepoint (normal execution)

VM Mutex/Monitor currently owned by a thread: None

Heap address: 0x00000000fc000000, size: 64 MB, Compressed Oops mode: 32-bit
Narrow klass base: 0x0000000000000000, Narrow klass shift: 3
Compressed class space size: 1073741824 Address: 0x0000000100000000

Heap:
 garbage-first heap   total 65536K, used 35790K [0x00000000fc000000, 0x0000000100000000)
  region size 1024K, 29 young (29696K), 3 survivors (3072K)
 Metaspace       used 16540K, capacity 16851K, committed 17152K, reserved 1064960K
  class space    used 1850K, capacity 1966K, committed 2048K, reserved 1048576K
Heap Regions: E=young(eden), S=young(survivor), O=old, HS=humongous(starts), HC=humongous(continues), CS=collection set, F=free, A=archive, TAMS=top-at-mark-start (previous, next)
|   0|0x00000000fc000000, 0x00000000fc100000, 0x00000000fc100000|100%|HS|  |TAMS 0x00000000fc000000, 0x00000000fc000000| Complete 
|   1|0x00000000fc100000, 0x00000000fc200000, 0x00000000fc200000|100%|HC|  |TAMS 0x00000000fc100000, 0x00000000fc100000| Complete 
|   2|0x00000000fc200000, 0x00000000fc300000, 0x00000000fc300000|100%|HC|  |TAMS 0x00000000fc200000, 0x00000000fc200000| Complete 
|   3|0x00000000fc300000, 0x00000000fc400000, 0x00000000fc400000|100%|HC|  |TAMS 0x00000000fc300000, 0x00000000fc300000| Complete 
|   4|0x00000000fc400000, 0x00000000fc500000, 0x00000000fc500000|100%| O|  |TAMS 0x00000000fc400000, 0x00000000fc400000| Untracked 
|   5|0x00000000fc500000, 0x00000000fc600000, 0x00000000fc600000|100%| O|  |TAMS 0x00000000fc500000, 0x00000000fc500000| Untracked 
|   6|0x00000000fc600000, 0x00000000fc6f3800, 0x00000000fc700000| 95%| O|  |TAMS 0x00000000fc600000, 0x00000000fc600000| Untracked 
|   7|0x00000000fc700000, 0x00000000fc700000, 0x00000000fc800000|  0%| F|  |TAMS 0x00000000fc700000, 0x00000000fc700000| Untracked 
|   8|0x00000000fc800000, 0x00000000fc800000, 0x00000000fc900000|  0%| F|  |TAMS 0x00000000fc800000, 0x00000000fc800000| Untracked 
|   9|0x00000000fc900000, 0x00000000fc900000, 0x00000000fca00000|  0%| F|  |TAMS 0x00000000fc900000, 0x00000000fc900000| Untracked 
|  10|0x00000000fca00000, 0x00000000fca00000, 0x00000000fcb00000|  0%| F|  |TAMS 0x00000000fca00000, 0x00000000fca00000| Untracked 
|  11|0x00000000fcb00000, 0x00000000fcb00000, 0x00000000fcc00000|  0%| F|  |TAMS 0x00000000fcb00000, 0x00000000fcb00000| Untracked 
|  12|0x00000000fcc00000, 0x00000000fcc00000, 0x00000000fcd00000|  0%| F|  |TAMS 0x00000000fcc00000, 0x00000000fcc00000| Untracked 
|  13|0x00000000fcd00000, 0x00000000fcd00000, 0x00000000fce00000|  0%| F|  |TAMS 0x00000000fcd00000, 0x00000000fcd00000| Untracked 
|  14|0x00000000fce00000, 0x00000000fce00000, 0x00000000fcf00000|  0%| F|  |TAMS 0x00000000fce00000, 0x00000000fce00000| Untracked 
|  15|0x00000000fcf00000, 0x00000000fcf00000, 0x00000000fd000000|  0%| F|  |TAMS 0x00000000fcf00000, 0x00000000fcf00000| Untracked 
|  16|0x00000000fd000000, 0x00000000fd000000, 0x00000000fd100000|  0%| F|  |TAMS 0x00000000fd000000, 0x00000000fd000000| Untracked 
|  17|0x00000000fd100000, 0x00000000fd100000, 0x00000000fd200000|  0%| F|  |TAMS 0x00000000fd100000, 0x00000000fd100000| Untracked 
|  18|0x00000000fd200000, 0x00000000fd200000, 0x00000000fd300000|  0%| F|  |TAMS 0x00000000fd200000, 0x00000000fd200000| Untracked 
|  19|0x00000000fd300000, 0x00000000fd300000, 0x00000000fd400000|  0%| F|  |TAMS 0x00000000fd300000, 0x00000000fd300000| Untracked 
|  20|0x00000000fd400000, 0x00000000fd400000, 0x00000000fd500000|  0%| F|  |TAMS 0x00000000fd400000, 0x00000000fd400000| Untracked 
|  21|0x00000000fd500000, 0x00000000fd500000, 0x00000000fd600000|  0%| F|  |TAMS 0x00000000fd500000, 0x00000000fd500000| Untracked 
|  22|0x00000000fd600000, 0x00000000fd600000, 0x00000000fd700000|  0%| F|  |TAMS 0x00000000fd600000, 0x00000000fd600000| Untracked 
|  23|0x00000000fd700000, 0x00000000fd700000, 0x00000000fd800000|  0%| F|  |TAMS 0x00000000fd700000, 0x00000000fd700000| Untracked 
|  24|0x00000000fd800000, 0x00000000fd800000, 0x00000000fd900000|  0%| F|  |TAMS 0x00000000fd800000, 0x00000000fd800000| Untracked 
|  25|0x00000000fd900000, 0x00000000fd900000, 0x00000000fda00000|  0%| F|  |TAMS 0x00000000fd900000, 0x00000000fd900000| Untracked 
|  26|0x00000000fda00000, 0x00000000fda00000, 0x00000000fdb00000|  0%| F|  |TAMS 0x00000000fda00000, 0x00000000fda00000| Untracked 
|  27|0x00000000fdb00000, 0x00000000fdb00000, 0x00000000fdc00000|  0%| F|  |TAMS 0x00000000fdb00000, 0x00000000fdb00000| Untracked 
|  28|0x00000000fdc00000, 0x00000000fdc00000, 0x00000000fdd00000|  0%| F|  |TAMS 0x00000000fdc00000, 0x00000000fdc00000| Untracked 
|  29|0x00000000fdd00000, 0x00000000fdd00000, 0x00000000fde00000|  0%| F|  |TAMS 0x00000000fdd00000, 0x00000000fdd00000| Untracked 
|  30|0x00000000fde00000, 0x00000000fde00000, 0x00000000fdf00000|  0%| F|  |TAMS 0x00000000fde00000, 0x00000000fde00000| Untracked 
|  31|0x00000000fdf00000, 0x00000000fdf00000, 0x00000000fe000000|  0%| F|  |TAMS 0x00000000fdf00000, 0x00000000fdf00000| Untracked 
|  32|0x00000000fe000000, 0x00000000fe000000, 0x00000000fe100000|  0%| F|  |TAMS 0x00000000fe000000, 0x00000000fe000000| Untracked 
|  33|0x00000000fe100000, 0x00000000fe100000, 0x00000000fe200000|  0%| F|  |TAMS 0x00000000fe100000, 0x00000000fe100000| Untracked 
|  34|0x00000000fe200000, 0x00000000fe200000, 0x00000000fe300000|  0%| F|  |TAMS 0x00000000fe200000, 0x00000000fe200000| Untracked 
|  35|0x00000000fe300000, 0x00000000fe3c3198, 0x00000000fe400000| 76%| E|  |TAMS 0x00000000fe300000, 0x00000000fe300000| Complete 
|  36|0x00000000fe400000, 0x00000000fe500000, 0x00000000fe500000|100%| E|CS|TAMS 0x00000000fe400000, 0x00000000fe400000| Complete 
|  37|0x00000000fe500000, 0x00000000fe600000, 0x00000000fe600000|100%| S|CS|TAMS 0x00000000fe500000, 0x00000000fe500000| Complete 
|  38|0x00000000fe600000, 0x00000000fe700000, 0x00000000fe700000|100%| S|CS|TAMS 0x00000000fe600000, 0x00000000fe600000| Complete 
|  39|0x00000000fe700000, 0x00000000fe800000, 0x00000000fe800000|100%| S|CS|TAMS 0x00000000fe700000, 0x00000000fe700000| Complete 
|  40|0x00000000fe800000, 0x00000000fe900000, 0x00000000fe900000|100%| E|CS|TAMS 0x00000000fe800000, 0x00000000fe800000| Complete 
|  41|0x00000000fe900000, 0x00000000fea00000, 0x00000000fea00000|100%| E|CS|TAMS 0x00000000fe900000, 0x00000000fe900000| Complete 
|  42|0x00000000fea00000, 0x00000000feb00000, 0x00000000feb00000|100%| E|CS|TAMS 0x00000000fea00000, 0x00000000fea00000| Complete 
|  43|0x00000000feb00000, 0x00000000fec00000, 0x00000000fec00000|100%| E|CS|TAMS 0x00000000feb00000, 0x00000000feb00000| Complete 
|  44|0x00000000fec00000, 0x00000000fed00000, 0x00000000fed00000|100%| E|CS|TAMS 0x00000000fec00000, 0x00000000fec00000| Complete 
|  45|0x00000000fed00000, 0x00000000fee00000, 0x00000000fee00000|100%| E|CS|TAMS 0x00000000fed00000, 0x00000000fed00000| Complete 
|  46|0x00000000fee00000, 0x00000000fef00000, 0x00000000fef00000|100%| E|CS|TAMS 0x00000000fee00000, 0x00000000fee00000| Complete 
|  47|0x00000000fef00000, 0x00000000ff000000, 0x00000000ff000000|100%| E|CS|TAMS 0x00000000fef00000, 0x00000000fef00000| Complete 
|  48|0x00000000ff000000, 0x00000000ff100000, 0x00000000ff100000|100%| E|CS|TAMS 0x00000000ff000000, 0x00000000ff000000| Complete 
|  49|0x00000000ff100000, 0x00000000ff200000, 0x00000000ff200000|100%| E|CS|TAMS 0x00000000ff100000, 0x00000000ff100000| Complete 
|  50|0x00000000ff200000, 0x00000000ff300000, 0x00000000ff300000|100%| E|CS|TAMS 0x00000000ff200000, 0x00000000ff200000| Complete 
|  51|0x00000000ff300000, 0x00000000ff400000, 0x00000000ff400000|100%| E|CS|TAMS 0x00000000ff300000, 0x00000000ff300000| Complete 
|  52|0x00000000ff400000, 0x00000000ff500000, 0x00000000ff500000|100%| E|CS|TAMS 0x00000000ff400000, 0x00000000ff400000| Complete 
|  53|0x00000000ff500000, 0x00000000ff600000, 0x00000000ff600000|100%| E|CS|TAMS 0x00000000ff500000, 0x00000000ff500000| Complete 
|  54|0x00000000ff600000, 0x00000000ff700000, 0x00000000ff700000|100%| E|CS|TAMS 0x00000000ff600000, 0x00000000ff600000| Complete 
|  55|0x00000000ff700000, 0x00000000ff800000, 0x00000000ff800000|100%| E|CS|TAMS 0x00000000ff700000, 0x00000000ff700000| Complete 
|  56|0x00000000ff800000, 0x00000000ff900000, 0x00000000ff900000|100%| E|CS|TAMS 0x00000000ff800000, 0x00000000ff800000| Complete 
|  57|0x00000000ff900000, 0x00000000ffa00000, 0x00000000ffa00000|100%| E|CS|TAMS 0x00000000ff900000, 0x00000000ff900000| Complete 
|  58|0x00000000ffa00000, 0x00000000ffb00000, 0x00000000ffb00000|100%| E|CS|TAMS 0x00000000ffa00000, 0x00000000ffa00000| Complete 
|  59|0x00000000ffb00000, 0x00000000ffc00000, 0x00000000ffc00000|100%| E|CS|TAMS 0x00000000ffb00000, 0x00000000ffb00000| Complete 
|  60|0x00000000ffc00000, 0x00000000ffd00000, 0x00000000ffd00000|100%| E|CS|TAMS 0x00000000ffc00000, 0x00000000ffc00000| Complete 
|  61|0x00000000ffd00000, 0x00000000ffe00000, 0x00000000ffe00000|100%| E|CS|TAMS 0x00000000ffd00000, 0x00000000ffd00000| Complete 
|  62|0x00000000ffe00000, 0x00000000fff00000, 0x00000000fff00000|100%| E|CS|TAMS 0x00000000ffe00000, 0x00000000ffe00000| Complete 
|  63|0x00000000fff00000, 0x0000000100000000, 0x0000000100000000|100%| E|CS|TAMS 0x00000000fff00000, 0x00000000fff00000| Complete 

Card table byte_map: [0x0000021915820000,0x0000021915840000] _byte_map_base: 0x0000021915040000

Marking Bits (Prev, Next): (CMBitMap*) 0x00000219158e45f8, (CMBitMap*) 0x00000219158e4630
 Prev Bits: [0x000002192d8c0000, 0x000002192d9c0000)
 Next Bits: [0x000002192d9c0000, 0x000002192dac0000)

Polling page: 0x0000021915090000

Metaspace:

Usage:
  Non-class:     14.54 MB capacity,    14.35 MB ( 99%) used,   168.66 KB (  1%) free+waste,    25.63 KB ( <1%) overhead. 
      Class:      1.92 MB capacity,     1.81 MB ( 94%) used,   103.27 KB (  5%) free+waste,    12.63 KB ( <1%) overhead. 
       Both:     16.46 MB capacity,    16.15 MB ( 98%) used,   271.94 KB (  2%) free+waste,    38.25 KB ( <1%) overhead. 

Virtual space:
  Non-class space:       16.00 MB reserved,      14.75 MB ( 92%) committed 
      Class space:        1.00 GB reserved,       2.00 MB ( <1%) committed 
             Both:        1.02 GB reserved,      16.75 MB (  2%) committed 

Chunk freelists:
   Non-Class:  27.00 KB
       Class:  18.00 KB
        Both:  45.00 KB

MaxMetaspaceSize: 17179869184.00 GB
CompressedClassSpaceSize: 1.00 GB
Initial GC threshold: 20.80 MB
Current GC threshold: 20.80 MB
CDS: off

CodeHeap 'non-profiled nmethods': size=119168Kb used=593Kb max_used=593Kb free=118574Kb
 bounds [0x0000021925bd0000, 0x0000021925e40000, 0x000002192d030000]
CodeHeap 'profiled nmethods': size=119168Kb used=2994Kb max_used=2994Kb free=116173Kb
 bounds [0x000002191e770000, 0x000002191ea60000, 0x0000021925bd0000]
CodeHeap 'non-nmethods': size=7424Kb used=2857Kb max_used=2870Kb free=4566Kb
 bounds [0x000002191e030000, 0x000002191e390000, 0x000002191e770000]
 total_blobs=1935 nmethods=1499 adapters=346
 compilation: enabled
              stopped_count=0, restarted_count=0
 full_count=0

Compilation events (20 events):
Event: 6.263 Thread 0x00000219317f3000 1459       3       jdk.internal.org.objectweb.asm.MethodWriter::visitEnd (1 bytes)
Event: 6.264 Thread 0x000002193153f000 1460       3       jdk.internal.org.objectweb.asm.MethodWriter::getSize (838 bytes)
Event: 6.264 Thread 0x00000219317f3000 nmethod 1459 0x000002191ea4aa90 code [0x000002191ea4ac40, 0x000002191ea4ad38]
Event: 6.264 Thread 0x00000219317f3000 1461       3       jdk.internal.org.objectweb.asm.MethodWriter::put (1602 bytes)
Event: 6.264 Thread 0x000002191598e000 nmethod 1458 0x000002191ea4ae10 code [0x000002191ea4b320, 0x000002191ea4dc48]
Event: 6.264 Thread 0x0000021930a81000 nmethod 1456 0x000002191ea4f590 code [0x000002191ea4f840, 0x000002191ea50668]
Event: 6.264 Thread 0x000002191598e000 1481       3       java.nio.CharBuffer::arrayOffset (35 bytes)
Event: 6.264 Thread 0x0000021930a81000 1482       3       java.nio.charset.CoderResult::isUnderflow (13 bytes)
Event: 6.264 Thread 0x000002191598e000 nmethod 1481 0x000002191ea50b90 code [0x000002191ea50d60, 0x000002191ea51018]
Event: 6.264 Thread 0x0000021930a81000 nmethod 1482 0x000002191ea51190 code [0x000002191ea51340, 0x000002191ea51498]
Event: 6.264 Thread 0x000002191598e000 1483       3       java.nio.CharBuffer::position (8 bytes)
Event: 6.264 Thread 0x000002191598e000 nmethod 1483 0x000002191ea51510 code [0x000002191ea516c0, 0x000002191ea51808]
Event: 6.265 Thread 0x0000021930a81000 1484       3       java.util.regex.Pattern$$Lambda$1/0x0000000100066040::is (9 bytes)
Event: 6.265 Thread 0x000002191598e000 1485       3       java.util.regex.Pattern::lambda$Single$8 (11 bytes)
Event: 6.266 Thread 0x0000021930a81000 nmethod 1484 0x000002191ea51890 code [0x000002191ea51a40, 0x000002191ea51bf8]
Event: 6.266 Thread 0x000002191598e000 nmethod 1485 0x000002191ea51c90 code [0x000002191ea51e40, 0x000002191ea51f78]
Event: 6.266 Thread 0x000002193153f000 nmethod 1460 0x000002191ea52010 code [0x000002191ea524c0, 0x000002191ea543a8]
Event: 6.267 Thread 0x00000219317f3000 nmethod 1461 0x000002191ea55190 code [0x000002191ea55a80, 0x000002191ea58e38]
Event: 6.267 Thread 0x0000021930a81000 1487       3       java.lang.invoke.InnerClassLambdaMetafactory::getOpcodeOffset (38 bytes)
Event: 6.268 Thread 0x0000021930a81000 nmethod 1487 0x000002191ea5a490 code [0x000002191ea5a660, 0x000002191ea5a8d8]

GC Heap History (2 events):
Event: 0.612 GC heap before
{Heap before GC invocations=0 (full 0):
 garbage-first heap   total 65536K, used 27648K [0x00000000fc000000, 0x0000000100000000)
  region size 1024K, 24 young (24576K), 0 survivors (0K)
 Metaspace       used 10182K, capacity 10373K, committed 10624K, reserved 1058816K
  class space    used 1015K, capacity 1097K, committed 1152K, reserved 1048576K
}
Event: 0.616 GC heap after
{Heap after GC invocations=1 (full 0):
 garbage-first heap   total 65536K, used 10190K [0x00000000fc000000, 0x0000000100000000)
  region size 1024K, 3 young (3072K), 3 survivors (3072K)
 Metaspace       used 10182K, capacity 10373K, committed 10624K, reserved 1058816K
  class space    used 1015K, capacity 1097K, committed 1152K, reserved 1048576K
}

Deoptimization events (20 events):
Event: 2.249 Thread 0x0000021932125800 Uncommon trap: trap_request=0xffffff4d fr.pc=0x0000021925c07b6c relative=0x00000000000000cc
Event: 2.249 Thread 0x0000021932125800 Uncommon trap: reason=unstable_if action=reinterpret pc=0x0000021925c07b6c method=java.lang.String.getBytes([BIB)V @ 5 c2
Event: 2.249 Thread 0x0000021932125800 DEOPT PACKING pc=0x0000021925c07b6c sp=0x000000b20f6fed70
Event: 2.249 Thread 0x0000021932125800 DEOPT UNPACKING pc=0x000002191e07a1af sp=0x000000b20f6fed38 mode 2
Event: 2.249 Thread 0x0000021932125800 Uncommon trap: trap_request=0xffffff4d fr.pc=0x0000021925c490c0 relative=0x0000000000000380
Event: 2.249 Thread 0x0000021932125800 Uncommon trap: reason=unstable_if action=reinterpret pc=0x0000021925c490c0 method=java.lang.AbstractStringBuilder.isLatin1()Z @ 10 c2
Event: 2.249 Thread 0x0000021932125800 DEOPT PACKING pc=0x0000021925c490c0 sp=0x000000b20f6feed0
Event: 2.249 Thread 0x0000021932125800 DEOPT UNPACKING pc=0x000002191e07a1af sp=0x000000b20f6fee50 mode 2
Event: 4.657 Thread 0x0000021932125800 Uncommon trap: trap_request=0xffffff4d fr.pc=0x0000021925bde49c relative=0x000000000000007c
Event: 4.657 Thread 0x0000021932125800 Uncommon trap: reason=unstable_if action=reinterpret pc=0x0000021925bde49c method=java.lang.String.codePointAt(I)I @ 4 c2
Event: 4.657 Thread 0x0000021932125800 DEOPT PACKING pc=0x0000021925bde49c sp=0x000000b20f6fee50
Event: 4.657 Thread 0x0000021932125800 DEOPT UNPACKING pc=0x000002191e07a1af sp=0x000000b20f6fede8 mode 2
Event: 4.658 Thread 0x0000021932125800 Uncommon trap: trap_request=0xffffff4d fr.pc=0x0000021925c3be80 relative=0x0000000000000dc0
Event: 4.658 Thread 0x0000021932125800 Uncommon trap: reason=unstable_if action=reinterpret pc=0x0000021925c3be80 method=java.util.concurrent.ConcurrentHashMap.putVal(Ljava/lang/Object;Ljava/lang/Object;Z)Ljava/lang/Object; @ 97 c2
Event: 4.658 Thread 0x0000021932125800 DEOPT PACKING pc=0x0000021925c3be80 sp=0x000000b20f6fe320
Event: 4.658 Thread 0x0000021932125800 DEOPT UNPACKING pc=0x000002191e07a1af sp=0x000000b20f6fe2b8 mode 2
Event: 6.260 Thread 0x00000219158c2000 Uncommon trap: trap_request=0xffffff4d fr.pc=0x0000021925c52f8c relative=0x00000000000001cc
Event: 6.260 Thread 0x00000219158c2000 Uncommon trap: reason=unstable_if action=reinterpret pc=0x0000021925c52f8c method=java.net.URI$Parser.scan(IILjava/lang/String;)I @ 26 c2
Event: 6.260 Thread 0x00000219158c2000 DEOPT PACKING pc=0x0000021925c52f8c sp=0x000000b20e3fc580
Event: 6.260 Thread 0x00000219158c2000 DEOPT UNPACKING pc=0x000002191e07a1af sp=0x000000b20e3fc510 mode 2

Classes redefined (0 events):
No events

Internal exceptions (19 events):
Event: 0.137 Thread 0x00000219158c2000 Exception <a 'java/lang/NoSuchMethodError'{0x00000000ffcdc0d0}: 'int java.lang.invoke.DirectMethodHandle$Holder.invokeStaticInit(java.lang.Object, java.lang.Object)'> (0x00000000ffcdc0d0) thrown at [s\src\hotspot\share\interpreter\linkResolver.cpp, line 773]
Event: 0.173 Thread 0x00000219158c2000 Exception <a 'java/lang/NoSuchMethodError'{0x00000000ffbb1728}: 'int java.lang.invoke.DirectMethodHandle$Holder.invokeSpecial(java.lang.Object, java.lang.Object, java.lang.Object, java.lang.Object)'> (0x00000000ffbb1728) thrown at [s\src\hotspot\share\interpreter\linkResolver.cpp, line 773]
Event: 0.178 Thread 0x00000219158c2000 Exception <a 'java/lang/NoSuchMethodError'{0x00000000ffbe9ca0}: 'int java.lang.invoke.DirectMethodHandle$Holder.invokeSpecialIFC(java.lang.Object, java.lang.Object, int)'> (0x00000000ffbe9ca0) thrown at [s\src\hotspot\share\interpreter\linkResolver.cpp, line 773]
Event: 0.597 Thread 0x00000219158c2000 Implicit null exception at 0x0000021925c17af5 to 0x0000021925c17cc0
Event: 0.621 Thread 0x00000219158c2000 Exception <a 'java/lang/NoClassDefFoundError'{0x00000000fff169c8}: org/slf4j/impl/StaticMarkerBinder> (0x00000000fff169c8) thrown at [s\src\hotspot\share\classfile\systemDictionary.cpp, line 219]
Event: 0.640 Thread 0x00000219158c2000 Exception <a 'java/lang/NoSuchMethodError'{0x00000000ffe181f0}: 'java.lang.Object java.lang.invoke.DirectMethodHandle$Holder.invokeVirtual(java.lang.Object, java.lang.Object, java.lang.Object, java.lang.Object, java.lang.Object, java.lang.Object, java.lang.Object)'> (0x00000000ffe181f0) thrown at [s\src\hotspot\share\interpreter\linkResolver.cpp, line 773]
Event: 0.643 Thread 0x00000219158c2000 Exception <a 'java/lang/NoSuchMethodError'{0x00000000ffe2c488}: 'java.lang.Object java.lang.invoke.Invokers$Holder.invoker(java.lang.Object, java.lang.Object, java.lang.Object)'> (0x00000000ffe2c488) thrown at [s\src\hotspot\share\interpreter\linkResolver.cpp, line 773]
Event: 0.646 Thread 0x00000219158c2000 Exception <a 'java/lang/NoSuchMethodError'{0x00000000ffe3d128}: 'void java.lang.invoke.DelegatingMethodHandle$Holder.delegate(java.lang.Object, java.lang.Object, int, java.lang.Object)'> (0x00000000ffe3d128) thrown at [s\src\hotspot\share\interpreter\linkResolver.cpp, line 773]
Event: 0.763 Thread 0x00000219158c2000 Exception <a 'java/lang/NoSuchMethodError'{0x00000000ff52bdf0}: 'java.lang.Object java.lang.invoke.DirectMethodHandle$Holder.invokeStaticInit(java.lang.Object, java.lang.Object, java.lang.Object)'> (0x00000000ff52bdf0) thrown at [s\src\hotspot\share\interpreter\linkResolver.cpp, line 773]
Event: 0.833 Thread 0x00000219158c2000 Exception <a 'java/lang/NoSuchMethodError'{0x00000000ff039e48}: 'java.lang.Object java.lang.invoke.DirectMethodHandle$Holder.invokeStaticInit(java.lang.Object, int, int, int, int)'> (0x00000000ff039e48) thrown at [s\src\hotspot\share\interpreter\linkResolver.cpp, line 773]
Event: 1.361 Thread 0x00000219158c2000 Exception <a 'java/lang/NoSuchMethodError'{0x00000000fef2e6e0}: 'java.lang.Object java.lang.invoke.DirectMethodHandle$Holder.invokeStaticInit(java.lang.Object, java.lang.Object, int, int, int, int)'> (0x00000000fef2e6e0) thrown at [s\src\hotspot\share\interpreter\linkResolver.cpp, line 773]
Event: 2.145 Thread 0x00000219158c2000 Exception <a 'java/lang/NoSuchMethodError'{0x00000000fefe2b28}: 'void java.lang.invoke.DirectMethodHandle$Holder.invokeSpecial(java.lang.Object, java.lang.Object)'> (0x00000000fefe2b28) thrown at [s\src\hotspot\share\interpreter\linkResolver.cpp, line 773]
Event: 2.233 Thread 0x0000021932125800 Exception <a 'java/lang/NoSuchMethodError'{0x00000000fe811f40}: 'void java.lang.invoke.DirectMethodHandle$Holder.invokeStatic(java.lang.Object, long)'> (0x00000000fe811f40) thrown at [s\src\hotspot\share\interpreter\linkResolver.cpp, line 773]
Event: 2.234 Thread 0x0000021932125800 Exception <a 'java/lang/NoSuchMethodError'{0x00000000fe816ee8}: 'java.lang.Object java.lang.invoke.DirectMethodHandle$Holder.invokeStatic(java.lang.Object, long)'> (0x00000000fe816ee8) thrown at [s\src\hotspot\share\interpreter\linkResolver.cpp, line 773]
Event: 2.235 Thread 0x0000021932125800 Exception <a 'java/lang/NoSuchMethodError'{0x00000000fe8251d8}: 'java.lang.Object java.lang.invoke.DirectMethodHandle$Holder.invokeStaticInit(java.lang.Object, java.lang.Object, long, java.lang.Object)'> (0x00000000fe8251d8) thrown at [s\src\hotspot\share\interpreter\linkResolver.cpp, line 773]
Event: 2.235 Thread 0x0000021932125800 Exception <a 'java/lang/NoSuchMethodError'{0x00000000fe82b0c8}: 'java.lang.Object java.lang.invoke.DirectMethodHandle$Holder.invokeStatic(java.lang.Object, java.lang.Object, long)'> (0x00000000fe82b0c8) thrown at [s\src\hotspot\share\interpreter\linkResolver.cpp, line 773]
Event: 2.236 Thread 0x0000021932125800 Exception <a 'java/lang/NoSuchMethodError'{0x00000000fe831398}: 'java.lang.Object java.lang.invoke.Invokers$Holder.linkToTargetMethod(java.lang.Object, long, java.lang.Object)'> (0x00000000fe831398) thrown at [s\src\hotspot\share\interpreter\linkResolver.cpp, line 773]
Event: 6.253 Thread 0x00000219158c2000 Exception <a 'java/io/IOException'{0x00000000fe4748e8}> (0x00000000fe4748e8) thrown at [s\src\hotspot\share\prims\jni.cpp, line 617]
Event: 6.259 Thread 0x00000219158c2000 Exception <a 'java/lang/NoSuchMethodError'{0x00000000fe4df9a0}: 'int java.lang.invoke.DirectMethodHandle$Holder.invokeVirtual(java.lang.Object, java.lang.Object)'> (0x00000000fe4df9a0) thrown at [s\src\hotspot\share\interpreter\linkResolver.cpp, line 773]

Events (20 events):
Event: 6.266 loading class org/gradle/internal/exceptions/FailureResolutionAware
Event: 6.266 loading class org/gradle/internal/exceptions/FailureResolutionAware done
Event: 6.266 loading class org/gradle/internal/logging/text/BufferingStyledTextOutput
Event: 6.266 loading class org/gradle/internal/logging/text/BufferingStyledTextOutput done
Event: 6.266 loading class org/gradle/internal/logging/text/StyledTextOutput
Event: 6.266 loading class org/gradle/internal/logging/text/StyledTextOutput done
Event: 6.266 loading class org/gradle/internal/logging/text/BufferingStyledTextOutput
Event: 6.266 loading class org/gradle/internal/logging/text/BufferingStyledTextOutput done
Event: 6.267 loading class org/gradle/internal/logging/text/BufferingStyledTextOutput$ChangeStyleAction
Event: 6.267 loading class org/gradle/internal/logging/text/BufferingStyledTextOutput$ChangeStyleAction done
Event: 6.267 loading class org/gradle/internal/logging/text/AbstractStyledTextOutput$StyleOverrideTextOutput
Event: 6.267 loading class org/gradle/internal/logging/text/AbstractStyledTextOutput$StyleOverrideTextOutput done
Event: 6.267 loading class org/gradle/internal/logging/text/BufferingStyledTextOutput
Event: 6.267 loading class org/gradle/internal/logging/text/BufferingStyledTextOutput done
Event: 6.267 loading class org/gradle/internal/buildevents/BuildExceptionReporter
Event: 6.267 loading class org/gradle/internal/buildevents/BuildExceptionReporter done
Event: 6.268 loading class org/gradle/internal/logging/text/StyledTextOutput
Event: 6.268 loading class org/gradle/internal/logging/text/StyledTextOutput done
Event: 6.268 loading class org/gradle/internal/exceptions/ContextAwareException
Event: 6.268 loading class org/gradle/internal/exceptions/ContextAwareException done


Dynamic libraries:
0x00007ff7e65d0000 - 0x00007ff7e65dd000 	C:\Program Files\Microsoft\jdk-11.0.20.8-hotspot\bin\java.exe
0x00007ffc2ee30000 - 0x00007ffc2f047000 	C:\WINDOWS\SYSTEM32\ntdll.dll
0x00007ffc2d470000 - 0x00007ffc2d534000 	C:\WINDOWS\System32\KERNEL32.DLL
0x00007ffc2c740000 - 0x00007ffc2cae6000 	C:\WINDOWS\System32\KERNELBASE.dll
0x00007ffc2c320000 - 0x00007ffc2c431000 	C:\WINDOWS\System32\ucrtbase.dll
0x00007ffbfaf00000 - 0x00007ffbfaf17000 	C:\Program Files\Microsoft\jdk-11.0.20.8-hotspot\bin\jli.dll
0x00007ffbeabf0000 - 0x00007ffbeac05000 	C:\Program Files\Microsoft\jdk-11.0.20.8-hotspot\bin\VCRUNTIME140.dll
0x00007ffc2d7e0000 - 0x00007ffc2d98d000 	C:\WINDOWS\System32\USER32.dll
0x00007ffc19880000 - 0x00007ffc19b13000 	C:\WINDOWS\WinSxS\amd64_microsoft.windows.common-controls_6595b64144ccf1df_6.0.22621.2361_none_2712ced57382f843\COMCTL32.dll
0x00007ffc2c2f0000 - 0x00007ffc2c316000 	C:\WINDOWS\System32\win32u.dll
0x00007ffc2cb90000 - 0x00007ffc2cbb9000 	C:\WINDOWS\System32\GDI32.dll
0x00007ffc2cbc0000 - 0x00007ffc2cc67000 	C:\WINDOWS\System32\msvcrt.dll
0x00007ffc2c620000 - 0x00007ffc2c738000 	C:\WINDOWS\System32\gdi32full.dll
0x00007ffc2caf0000 - 0x00007ffc2cb8a000 	C:\WINDOWS\System32\msvcp_win.dll
0x00007ffc2d540000 - 0x00007ffc2d571000 	C:\WINDOWS\System32\IMM32.DLL
0x00007ffb6a900000 - 0x00007ffb6a99b000 	C:\Program Files\Microsoft\jdk-11.0.20.8-hotspot\bin\msvcp140.dll
0x00007ffb2d490000 - 0x00007ffb2e026000 	C:\Program Files\Microsoft\jdk-11.0.20.8-hotspot\bin\server\jvm.dll
0x00007ffc2d630000 - 0x00007ffc2d6e0000 	C:\WINDOWS\System32\ADVAPI32.dll
0x00007ffc2e3d0000 - 0x00007ffc2e476000 	C:\WINDOWS\System32\sechost.dll
0x00007ffc2d260000 - 0x00007ffc2d377000 	C:\WINDOWS\System32\RPCRT4.dll
0x00007ffc2ece0000 - 0x00007ffc2ece8000 	C:\WINDOWS\System32\PSAPI.DLL
0x00007ffc23e60000 - 0x00007ffc23e69000 	C:\WINDOWS\SYSTEM32\WSOCK32.dll
0x00007ffc23e20000 - 0x00007ffc23e54000 	C:\WINDOWS\SYSTEM32\WINMM.dll
0x00007ffc2d760000 - 0x00007ffc2d7d1000 	C:\WINDOWS\System32\WS2_32.dll
0x00007ffc24ec0000 - 0x00007ffc24eca000 	C:\WINDOWS\SYSTEM32\VERSION.dll
0x00007ffc2b240000 - 0x00007ffc2b258000 	C:\WINDOWS\SYSTEM32\kernel.appcore.dll
0x00007ffc1d1a0000 - 0x00007ffc1d1b0000 	C:\Program Files\Microsoft\jdk-11.0.20.8-hotspot\bin\verify.dll
0x00007ffc1ec70000 - 0x00007ffc1ee9e000 	C:\WINDOWS\SYSTEM32\DBGHELP.DLL
0x00007ffc2ced0000 - 0x00007ffc2d25a000 	C:\WINDOWS\System32\combase.dll
0x00007ffc2da90000 - 0x00007ffc2db67000 	C:\WINDOWS\System32\OLEAUT32.dll
0x00007ffc1e2d0000 - 0x00007ffc1e302000 	C:\WINDOWS\SYSTEM32\dbgcore.DLL
0x00007ffc2c1b0000 - 0x00007ffc2c22a000 	C:\WINDOWS\System32\bcryptPrimitives.dll
0x00007ffbc3cd0000 - 0x00007ffbc3cf8000 	C:\Program Files\Microsoft\jdk-11.0.20.8-hotspot\bin\java.dll
0x00007ffc091a0000 - 0x00007ffc091aa000 	C:\Program Files\Microsoft\jdk-11.0.20.8-hotspot\bin\jimage.dll
0x00007ffbe6830000 - 0x00007ffbe6848000 	C:\Program Files\Microsoft\jdk-11.0.20.8-hotspot\bin\zip.dll
0x00007ffc2db70000 - 0x00007ffc2e3c8000 	C:\WINDOWS\System32\SHELL32.dll
0x00007ffc2a0a0000 - 0x00007ffc2a992000 	C:\WINDOWS\SYSTEM32\windows.storage.dll
0x00007ffc29f60000 - 0x00007ffc2a09e000 	C:\WINDOWS\SYSTEM32\wintypes.dll
0x00007ffc2cc70000 - 0x00007ffc2cd63000 	C:\WINDOWS\System32\SHCORE.dll
0x00007ffc2e800000 - 0x00007ffc2e85e000 	C:\WINDOWS\System32\shlwapi.dll
0x00007ffc2c0e0000 - 0x00007ffc2c106000 	C:\WINDOWS\SYSTEM32\profapi.dll
0x00007ffbcf790000 - 0x00007ffbcf7a9000 	C:\Program Files\Microsoft\jdk-11.0.20.8-hotspot\bin\net.dll
0x00007ffc23b70000 - 0x00007ffc23ca7000 	C:\WINDOWS\SYSTEM32\WINHTTP.dll
0x00007ffc2b710000 - 0x00007ffc2b779000 	C:\WINDOWS\system32\mswsock.dll
0x00007ffbc4d40000 - 0x00007ffbc4d53000 	C:\Program Files\Microsoft\jdk-11.0.20.8-hotspot\bin\nio.dll
0x00007ffc22060000 - 0x00007ffc22087000 	C:\Users\Geeken\.gradle\native\68d5fa5c4cc2d200863cafc0d521ce42e7d3e7ee720ec0a83991735586a16f82\windows-amd64\native-platform.dll
0x00007ffc090e0000 - 0x00007ffc090e9000 	C:\Program Files\Microsoft\jdk-11.0.20.8-hotspot\bin\management.dll
0x00007ffc076f0000 - 0x00007ffc076fb000 	C:\Program Files\Microsoft\jdk-11.0.20.8-hotspot\bin\management_ext.dll
0x00007ffc2ba30000 - 0x00007ffc2ba4b000 	C:\WINDOWS\SYSTEM32\CRYPTSP.dll
0x00007ffc2b200000 - 0x00007ffc2b235000 	C:\WINDOWS\system32\rsaenh.dll
0x00007ffc2b7b0000 - 0x00007ffc2b7dc000 	C:\WINDOWS\SYSTEM32\USERENV.dll
0x00007ffc2bb50000 - 0x00007ffc2bb78000 	C:\WINDOWS\SYSTEM32\bcrypt.dll
0x00007ffc2ba10000 - 0x00007ffc2ba1c000 	C:\WINDOWS\SYSTEM32\CRYPTBASE.dll
0x00007ffc2ac70000 - 0x00007ffc2ac9d000 	C:\WINDOWS\SYSTEM32\IPHLPAPI.DLL
0x00007ffc2d5b0000 - 0x00007ffc2d5b9000 	C:\WINDOWS\System32\NSI.dll
0x00007ffc23e70000 - 0x00007ffc23e89000 	C:\WINDOWS\SYSTEM32\dhcpcsvc6.DLL
0x00007ffc23e00000 - 0x00007ffc23e1f000 	C:\WINDOWS\SYSTEM32\dhcpcsvc.DLL
0x00007ffc2ace0000 - 0x00007ffc2add9000 	C:\WINDOWS\SYSTEM32\DNSAPI.dll

dbghelp: loaded successfully - version: 4.0.5 - missing functions: none
symbol engine: initialized successfully - sym options: 0x614 - pdb path: .;C:\Program Files\Microsoft\jdk-11.0.20.8-hotspot\bin;C:\WINDOWS\SYSTEM32;C:\WINDOWS\WinSxS\amd64_microsoft.windows.common-controls_6595b64144ccf1df_6.0.22621.2361_none_2712ced57382f843;C:\Program Files\Microsoft\jdk-11.0.20.8-hotspot\bin\server;C:\Users\Geeken\.gradle\native\68d5fa5c4cc2d200863cafc0d521ce42e7d3e7ee720ec0a83991735586a16f82\windows-amd64

VM Arguments:
jvm_args: -Xmx64m -Xms64m -Dorg.gradle.appname=gradlew 
java_command: org.gradle.wrapper.GradleWrapperMain tasks
java_class_path (initial): C:\Users\Geeken\GitHub\chatter\android\\gradle\wrapper\gradle-wrapper.jar
Launcher Type: SUN_STANDARD

[Global flags]
     intx CICompilerCount                          = 12                                        {product} {ergonomic}
     uint ConcGCThreads                            = 3                                         {product} {ergonomic}
     uint G1ConcRefinementThreads                  = 13                                        {product} {ergonomic}
   size_t G1HeapRegionSize                         = 1048576                                   {product} {ergonomic}
    uintx GCDrainStackTargetSize                   = 64                                        {product} {ergonomic}
   size_t InitialHeapSize                          = 67108864                                  {product} {command line}
   size_t MarkStackSize                            = 4194304                                   {product} {ergonomic}
   size_t MaxHeapSize                              = 67108864                                  {product} {command line}
   size_t MaxNewSize                               = 39845888                                  {product} {ergonomic}
   size_t MinHeapDeltaBytes                        = 1048576                                   {product} {ergonomic}
    uintx NonNMethodCodeHeapSize                   = 7594288                                {pd product} {ergonomic}
    uintx NonProfiledCodeHeapSize                  = 122031976                              {pd product} {ergonomic}
    uintx ProfiledCodeHeapSize                     = 122031976                              {pd product} {ergonomic}
    uintx ReservedCodeCacheSize                    = 251658240                              {pd product} {ergonomic}
     bool SegmentedCodeCache                       = true                                      {product} {ergonomic}
     bool UseCompressedClassPointers               = true                                 {lp64_product} {ergonomic}
     bool UseCompressedOops                        = true                                 {lp64_product} {ergonomic}
     bool UseG1GC                                  = true                                      {product} {ergonomic}
     bool UseLargePagesIndividualAllocation        = false                                  {pd product} {ergonomic}

Logging:
Log output configuration:
 #0: stdout all=warning uptime,level,tags
 #1: stderr all=off uptime,level,tags

Environment Variables:
JAVA_HOME=C:\Program Files\Microsoft\jdk-11.0.20.8-hotspot\
CLASSPATH=C:\Users\Geeken\GitHub\chatter\android\\gradle\wrapper\gradle-wrapper.jar
PATH=C:\Users\Geeken\GitHub\chatter\node_modules\.bin;C:\Users\Geeken\GitHub\node_modules\.bin;C:\Users\Geeken\node_modules\.bin;C:\Users\node_modules\.bin;C:\node_modules\.bin;C:\Program Files\nodejs\node_modules\npm\node_modules\@npmcli\run-script\lib\node-gyp-bin;C:\Program Files\PowerShell\7;C:\Program Files\Microsoft\jdk-11.0.20.8-hotspot\bin;C:\Program Files (x86)\VMware\VMware Player\bin\;C:\Python311\Scripts\;C:\Python311\;C:\Program Files\Oculus\Support\oculus-runtime;C:\Program Files (x86)\Common Files\Intel\Shared Libraries\redist\intel64\compiler;C:\Program Files\Common Files\Oracle\Java\javapath;C:\Program Files (x86)\Common Files\Oracle\Java\javapath;C:\Program Files\Eclipse Adoptium\jdk-8.0.312.7-hotspot\bin;C:\Python310\Scripts\;C:\Python310\;C:\WINDOWS\system32;C:\WINDOWS;C:\WINDOWS\System32\Wbem;C:\WINDOWS\System32\WindowsPowerShell\v1.0\;C:\WINDOWS\System32\OpenSSH\;C:\Program Files\NVIDIA Corporation\NVIDIA NvDLISR;C:\Program Files (x86)\NVIDIA Corporation\PhysX\Common;C:\Program Files\Git\cmd;C:\ProgramData\chocolatey\bin;C:\Program Files\dotnet\;c:\program files (x86)\iracing\d3dgear;C:\Program Files\CMake\bin;C:\Program Files\VapourSynth\core;C:\Program Files\VapourSynth\vsrepo;C:\Program Files (x86)\Google\Google Workspace Migration\;C:\Program Files\Google\Google Apps Migration\;C:\Program Files (x86)\dotnet\;C:\Program Files\Microsoft Network Monitor 3\;C:\WINDOWS\system32;C:\WINDOWS;C:\WINDOWS\System32\Wbem;C:\WINDOWS\System32\WindowsPowerShell\v1.0\;C:\WINDOWS\System32\OpenSSH\;C:\Users\Justin\ngrok;C:\Program Files\Go\bin;C:\Program Files\Amazon\AWSCLIV2\;C:\Program Files\nodejs\;C:\Program Files\PowerShell\7\;C:\Program Files\Docker\Docker\resources\bin;C:\Users\Geeken\.cargo\bin;C:\Users\Geeken\AppData\Local\Microsoft\WindowsApps;C:\Users\Geeken\AppData\Local\GitHubDesktop\bin;C:\Users\Geeken\AppData\Local\Programs\Microsoft VS Code\bin;C:\Users\Geeken\AppData\Roaming\npm
USERNAME=Geeken
LANG=en_US.UTF-8
OS=Windows_NT
PROCESSOR_IDENTIFIER=Intel64 Family 6 Model 158 Stepping 13, GenuineIntel
TMP=C:\Users\Geeken\AppData\Local\Temp
TEMP=C:\Users\Geeken\AppData\Local\Temp



---------------  S Y S T E M  ---------------

OS: Windows 11 , 64 bit Build 22621 (10.0.22621.2428)
OS uptime: 1 days 21:11 hours
Hyper-V role detected

CPU:total 16 (initial active 16) (8 cores per cpu, 2 threads per core) family 6 model 158 stepping 13 microcode 0xde, cmov, cx8, fxsr, mmx, sse, sse2, sse3, ssse3, sse4.1, sse4.2, popcnt, avx, avx2, aes, clmul, erms, 3dnowpref, lzcnt, ht, tsc, tscinvbit, bmi1, bmi2, adx, fma

Memory: 4k page, system-wide physical 32681M (11704M free)
TotalPageFile size 32681M (AvailPageFile size 737M)
current process WorkingSet (physical memory assigned to process): 95M, peak: 102M
current process commit charge ("private bytes"): 180M, peak: 184M

vm_info: OpenJDK 64-Bit Server VM (11.0.20+8-LTS) for windows-amd64 JRE (11.0.20+8-LTS), built on Jul  7 2023 17:05:21 by "MicrosoftCorporation" with MS VC++ 15.9 (VS2017)

END.
